<?xml version="1.0" encoding="UTF-8" ?>
<testsuite tests="3" failures="0" name="flow.EngineTest" time="0.084" errors="0" skipped="0">
  <properties>
[...]
</properties>
  <testcase classname="flow.EngineTest" name="testRun_AdapterDoesNotExist_ThrowAdapterNotFoundException" time="0.082"/>
  <testcase classname="flow.EngineTest" name="testRun_FlowHasThreeActions_ReturnAcknowledgedResponses" time="0"/>
  <testcase classname="flow.EngineTest" name="testRun_FlowIsEmpty_ThrowEmptyFlowException" time="0.002"/>
</testsuite>